Assembler report for LargeMuxesOnPCBDe1Soc
Tue Oct 21 18:12:32 2025
Quartus Prime Version 23.1std.1 Build 993 05/14/2024 SC Lite Edition


---------------------
; Table of Contents ;
---------------------
  1. Legal Notice
  2. Assembler Summary
  3. Assembler Settings
  4. Assembler Generated Files
  5. Assembler Device Options: C:/HSD_SEM_3/CHD3/Uebung04/prjMultiplexer/grpMux/uintLargeMuxesOnPCBDe1Soc/quartus/output_files/LargeMuxesOnPCBDe1Soc.sof
  6. Assembler Messages



----------------
; Legal Notice ;
----------------
Copyright (C) 2024  Intel Corporation. All rights reserved.
Your use of Intel Corporation's design tools, logic functions 
and other software and tools, and any partner logic 
functions, and any output files from any of the foregoing 
(including device programming or simulation files), and any 
associated documentation or information are expressly subject 
to the terms and conditions of the Intel Program License 
Subscription Agreement, the Intel Quartus Prime License Agreement,
the Intel FPGA IP License Agreement, or other applicable license
agreement, including, without limitation, that your use is for
the sole purpose of programming logic devices manufactured by
Intel and sold by Intel or its authorized distributors.  Please
refer to the applicable agreement for further details, at
https://fpgasoftware.intel.com/eula.



+---------------------------------------------------------------+
; Assembler Summary                                             ;
+-----------------------+---------------------------------------+
; Assembler Status      ; Successful - Tue Oct 21 18:12:32 2025 ;
; Revision Name         ; LargeMuxesOnPCBDe1Soc                 ;
; Top-level Entity Name ; LargeMuxesOnPCBDe1Soc                 ;
; Family                ; Cyclone V                             ;
; Device                ; 5CSEMA5F31C6                          ;
+-----------------------+---------------------------------------+


+----------------------------------+
; Assembler Settings               ;
+--------+---------+---------------+
; Option ; Setting ; Default Value ;
+--------+---------+---------------+


+---------------------------------------------------------------------------------------------------------------------------+
; Assembler Generated Files                                                                                                 ;
+---------------------------------------------------------------------------------------------------------------------------+
; File Name                                                                                                                 ;
+---------------------------------------------------------------------------------------------------------------------------+
; C:/HSD_SEM_3/CHD3/Uebung04/prjMultiplexer/grpMux/uintLargeMuxesOnPCBDe1Soc/quartus/output_files/LargeMuxesOnPCBDe1Soc.sof ;
+---------------------------------------------------------------------------------------------------------------------------+


+-----------------------------------------------------------------------------------------------------------------------------------------------------+
; Assembler Device Options: C:/HSD_SEM_3/CHD3/Uebung04/prjMultiplexer/grpMux/uintLargeMuxesOnPCBDe1Soc/quartus/output_files/LargeMuxesOnPCBDe1Soc.sof ;
+----------------+------------------------------------------------------------------------------------------------------------------------------------+
; Option         ; Setting                                                                                                                            ;
+----------------+------------------------------------------------------------------------------------------------------------------------------------+
; JTAG usercode  ; 0x00AF729A                                                                                                                         ;
; Checksum       ; 0x00AF729A                                                                                                                         ;
+----------------+------------------------------------------------------------------------------------------------------------------------------------+


+--------------------+
; Assembler Messages ;
+--------------------+
Info: *******************************************************************
Info: Running Quartus Prime Assembler
    Info: Version 23.1std.1 Build 993 05/14/2024 SC Lite Edition
    Info: Processing started: Tue Oct 21 18:12:28 2025
Info: Command: quartus_asm --read_settings_files=off --write_settings_files=off LargeMuxesOnPCBDe1Soc -c LargeMuxesOnPCBDe1Soc
Info (115030): Assembler is generating device programming files
Info: Quartus Prime Assembler was successful. 0 errors, 0 warnings
    Info: Peak virtual memory: 5219 megabytes
    Info: Processing ended: Tue Oct 21 18:12:32 2025
    Info: Elapsed time: 00:00:04
    Info: Total CPU time (on all processors): 00:00:04


