Analysis & Synthesis report for RunningLightCase2POnPCBDe1Soc
Thu Nov 20 17:40:49 2025
Quartus Prime Version 23.1std.1 Build 993 05/14/2024 SC Lite Edition


---------------------
; Table of Contents ;
---------------------
  1. Legal Notice
  2. Analysis & Synthesis Summary
  3. Analysis & Synthesis Settings
  4. Parallel Compilation
  5. Analysis & Synthesis Source Files Read
  6. Analysis & Synthesis Resource Usage Summary
  7. Analysis & Synthesis Resource Utilization by Entity
  8. General Register Statistics
  9. Post-Synthesis Netlist Statistics for Top Partition
 10. Elapsed Time Per Partition
 11. Analysis & Synthesis Messages



----------------
; Legal Notice ;
----------------
Copyright (C) 2024  Intel Corporation. All rights reserved.
Your use of Intel Corporation's design tools, logic functions 
and other software and tools, and any partner logic 
functions, and any output files from any of the foregoing 
(including device programming or simulation files), and any 
associated documentation or information are expressly subject 
to the terms and conditions of the Intel Program License 
Subscription Agreement, the Intel Quartus Prime License Agreement,
the Intel FPGA IP License Agreement, or other applicable license
agreement, including, without limitation, that your use is for
the sole purpose of programming logic devices manufactured by
Intel and sold by Intel or its authorized distributors.  Please
refer to the applicable agreement for further details, at
https://fpgasoftware.intel.com/eula.



+----------------------------------------------------------------------------------+
; Analysis & Synthesis Summary                                                     ;
+---------------------------------+------------------------------------------------+
; Analysis & Synthesis Status     ; Successful - Thu Nov 20 17:40:49 2025          ;
; Quartus Prime Version           ; 23.1std.1 Build 993 05/14/2024 SC Lite Edition ;
; Revision Name                   ; RunningLightCase2POnPCBDe1Soc                  ;
; Top-level Entity Name           ; RunningLightCase2POnPCBDe1Soc                  ;
; Family                          ; Cyclone V                                      ;
; Logic utilization (in ALMs)     ; N/A                                            ;
; Total registers                 ; 3                                              ;
; Total pins                      ; 5                                              ;
; Total virtual pins              ; 0                                              ;
; Total block memory bits         ; 0                                              ;
; Total DSP Blocks                ; 0                                              ;
; Total HSSI RX PCSs              ; 0                                              ;
; Total HSSI PMA RX Deserializers ; 0                                              ;
; Total HSSI TX PCSs              ; 0                                              ;
; Total HSSI PMA TX Serializers   ; 0                                              ;
; Total PLLs                      ; 0                                              ;
; Total DLLs                      ; 0                                              ;
+---------------------------------+------------------------------------------------+


+-------------------------------------------------------------------------------------------------------------------------------------------------+
; Analysis & Synthesis Settings                                                                                                                   ;
+---------------------------------------------------------------------------------+-------------------------------+-------------------------------+
; Option                                                                          ; Setting                       ; Default Value                 ;
+---------------------------------------------------------------------------------+-------------------------------+-------------------------------+
; Device                                                                          ; 5CSEMA5F31C6                  ;                               ;
; Top-level entity name                                                           ; RunningLightCase2POnPCBDe1Soc ; RunningLightCase2POnPCBDe1Soc ;
; Family name                                                                     ; Cyclone V                     ; Cyclone V                     ;
; Maximum processors allowed for parallel compilation                             ; All                           ;                               ;
; VHDL Show LMF Mapping Messages                                                  ; Off                           ;                               ;
; VHDL Version                                                                    ; VHDL_2008                     ; VHDL_1993                     ;
; Use smart compilation                                                           ; Off                           ; Off                           ;
; Enable parallel Assembler and Timing Analyzer during compilation                ; On                            ; On                            ;
; Enable compact report table                                                     ; Off                           ; Off                           ;
; Restructure Multiplexers                                                        ; Auto                          ; Auto                          ;
; MLAB Add Timing Constraints For Mixed-Port Feed-Through Mode Setting Don't Care ; Off                           ; Off                           ;
; Create Debugging Nodes for IP Cores                                             ; Off                           ; Off                           ;
; Preserve fewer node names                                                       ; On                            ; On                            ;
; Intel FPGA IP Evaluation Mode                                                   ; Enable                        ; Enable                        ;
; Verilog Version                                                                 ; Verilog_2001                  ; Verilog_2001                  ;
; State Machine Processing                                                        ; Auto                          ; Auto                          ;
; Safe State Machine                                                              ; Off                           ; Off                           ;
; Extract Verilog State Machines                                                  ; On                            ; On                            ;
; Extract VHDL State Machines                                                     ; On                            ; On                            ;
; Ignore Verilog initial constructs                                               ; Off                           ; Off                           ;
; Iteration limit for constant Verilog loops                                      ; 5000                          ; 5000                          ;
; Iteration limit for non-constant Verilog loops                                  ; 250                           ; 250                           ;
; Add Pass-Through Logic to Inferred RAMs                                         ; On                            ; On                            ;
; Infer RAMs from Raw Logic                                                       ; On                            ; On                            ;
; Parallel Synthesis                                                              ; On                            ; On                            ;
; DSP Block Balancing                                                             ; Auto                          ; Auto                          ;
; NOT Gate Push-Back                                                              ; On                            ; On                            ;
; Power-Up Don't Care                                                             ; On                            ; On                            ;
; Remove Redundant Logic Cells                                                    ; Off                           ; Off                           ;
; Remove Duplicate Registers                                                      ; On                            ; On                            ;
; Ignore CARRY Buffers                                                            ; Off                           ; Off                           ;
; Ignore CASCADE Buffers                                                          ; Off                           ; Off                           ;
; Ignore GLOBAL Buffers                                                           ; Off                           ; Off                           ;
; Ignore ROW GLOBAL Buffers                                                       ; Off                           ; Off                           ;
; Ignore LCELL Buffers                                                            ; Off                           ; Off                           ;
; Ignore SOFT Buffers                                                             ; On                            ; On                            ;
; Limit AHDL Integers to 32 Bits                                                  ; Off                           ; Off                           ;
; Optimization Technique                                                          ; Balanced                      ; Balanced                      ;
; Carry Chain Length                                                              ; 70                            ; 70                            ;
; Auto Carry Chains                                                               ; On                            ; On                            ;
; Auto Open-Drain Pins                                                            ; On                            ; On                            ;
; Perform WYSIWYG Primitive Resynthesis                                           ; Off                           ; Off                           ;
; Auto ROM Replacement                                                            ; On                            ; On                            ;
; Auto RAM Replacement                                                            ; On                            ; On                            ;
; Auto DSP Block Replacement                                                      ; On                            ; On                            ;
; Auto Shift Register Replacement                                                 ; Auto                          ; Auto                          ;
; Allow Shift Register Merging across Hierarchies                                 ; Auto                          ; Auto                          ;
; Auto Clock Enable Replacement                                                   ; On                            ; On                            ;
; Strict RAM Replacement                                                          ; Off                           ; Off                           ;
; Allow Synchronous Control Signals                                               ; On                            ; On                            ;
; Force Use of Synchronous Clear Signals                                          ; Off                           ; Off                           ;
; Auto Resource Sharing                                                           ; Off                           ; Off                           ;
; Allow Any RAM Size For Recognition                                              ; Off                           ; Off                           ;
; Allow Any ROM Size For Recognition                                              ; Off                           ; Off                           ;
; Allow Any Shift Register Size For Recognition                                   ; Off                           ; Off                           ;
; Use LogicLock Constraints during Resource Balancing                             ; On                            ; On                            ;
; Ignore translate_off and synthesis_off directives                               ; Off                           ; Off                           ;
; Timing-Driven Synthesis                                                         ; On                            ; On                            ;
; Report Parameter Settings                                                       ; On                            ; On                            ;
; Report Source Assignments                                                       ; On                            ; On                            ;
; Report Connectivity Checks                                                      ; On                            ; On                            ;
; Ignore Maximum Fan-Out Assignments                                              ; Off                           ; Off                           ;
; Synchronization Register Chain Length                                           ; 3                             ; 3                             ;
; Power Optimization During Synthesis                                             ; Normal compilation            ; Normal compilation            ;
; HDL message level                                                               ; Level2                        ; Level2                        ;
; Suppress Register Optimization Related Messages                                 ; Off                           ; Off                           ;
; Number of Removed Registers Reported in Synthesis Report                        ; 5000                          ; 5000                          ;
; Number of Swept Nodes Reported in Synthesis Report                              ; 5000                          ; 5000                          ;
; Number of Inverted Registers Reported in Synthesis Report                       ; 100                           ; 100                           ;
; Clock MUX Protection                                                            ; On                            ; On                            ;
; Auto Gated Clock Conversion                                                     ; Off                           ; Off                           ;
; Block Design Naming                                                             ; Auto                          ; Auto                          ;
; SDC constraint protection                                                       ; Off                           ; Off                           ;
; Synthesis Effort                                                                ; Auto                          ; Auto                          ;
; Shift Register Replacement - Allow Asynchronous Clear Signal                    ; On                            ; On                            ;
; Pre-Mapping Resynthesis Optimization                                            ; Off                           ; Off                           ;
; Analysis & Synthesis Message Level                                              ; Medium                        ; Medium                        ;
; Disable Register Merging Across Hierarchies                                     ; Auto                          ; Auto                          ;
; Resource Aware Inference For Block RAM                                          ; On                            ; On                            ;
; Automatic Parallel Synthesis                                                    ; On                            ; On                            ;
; Partial Reconfiguration Bitstream ID                                            ; Off                           ; Off                           ;
+---------------------------------------------------------------------------------+-------------------------------+-------------------------------+


+------------------------------------------+
; Parallel Compilation                     ;
+----------------------------+-------------+
; Processors                 ; Number      ;
+----------------------------+-------------+
; Number detected on machine ; 20          ;
; Maximum allowed            ; 16          ;
;                            ;             ;
; Average used               ; 1.00        ;
; Maximum used               ; 16          ;
;                            ;             ;
; Usage by Processor         ; % Time Used ;
;     Processor 1            ; 100.0%      ;
;     Processors 2-16        ;   0.0%      ;
+----------------------------+-------------+


+----------------------------------------------------------------------------------------------------------------------------------------------------------------------------------------------------------------------------------------------------+
; Analysis & Synthesis Source Files Read                                                                                                                                                                                                             ;
+----------------------------------------------------------------------+-----------------+-----------------+-------------------------------------------------------------------------------------------------------------------------------+---------+
; File Name with User-Entered Path                                     ; Used in Netlist ; File Type       ; File Name with Absolute Path                                                                                                  ; Library ;
+----------------------------------------------------------------------+-----------------+-----------------+-------------------------------------------------------------------------------------------------------------------------------+---------+
; ../../uintRunningLight/src/RunningLight-e.vhd                        ; yes             ; User VHDL File  ; C:/HSD_SEM_3/CHD3/Uebung07/prj_FSM_Lauflicht/uintRunningLight/src/RunningLight-e.vhd                                          ;         ;
; ../../uintRunningLight/src/RunningLight_TwoProcessWithCase-Rtl-a.vhd ; yes             ; User VHDL File  ; C:/HSD_SEM_3/CHD3/Uebung07/prj_FSM_Lauflicht/uintRunningLight/src/RunningLight_TwoProcessWithCase-Rtl-a.vhd                   ;         ;
; ../../uintRunningLight/src/RunningLight_TwoProcessHandmade-Rtl-a.vhd ; yes             ; User VHDL File  ; C:/HSD_SEM_3/CHD3/Uebung07/prj_FSM_Lauflicht/uintRunningLight/src/RunningLight_TwoProcessHandmade-Rtl-a.vhd                   ;         ;
; ../../uintRunningLight/src/RunningLight_OneProcessWithCase-Rtl-a.vhd ; yes             ; User VHDL File  ; C:/HSD_SEM_3/CHD3/Uebung07/prj_FSM_Lauflicht/uintRunningLight/src/RunningLight_OneProcessWithCase-Rtl-a.vhd                   ;         ;
; ../hdl/RunningLightCase2POnPCBDe1Soc-Struct-a.vhd                    ; yes             ; User VHDL File  ; C:/HSD_SEM_3/CHD3/Uebung07/prj_FSM_Lauflicht/uintRunningLightCase2POnPCBDe1Soc/hdl/RunningLightCase2POnPCBDe1Soc-Struct-a.vhd ;         ;
; ../hdl/RunningLightCase2POnPCBDe1Soc-e.vhd                           ; yes             ; User VHDL File  ; C:/HSD_SEM_3/CHD3/Uebung07/prj_FSM_Lauflicht/uintRunningLightCase2POnPCBDe1Soc/hdl/RunningLightCase2POnPCBDe1Soc-e.vhd        ;         ;
+----------------------------------------------------------------------+-----------------+-----------------+-------------------------------------------------------------------------------------------------------------------------------+---------+


+-----------------------------------------------------------------------------------------------+
; Analysis & Synthesis Resource Usage Summary                                                   ;
+---------------------------------------------+-------------------------------------------------+
; Resource                                    ; Usage                                           ;
+---------------------------------------------+-------------------------------------------------+
; Estimate of Logic utilization (ALMs needed) ; 2                                               ;
;                                             ;                                                 ;
; Combinational ALUT usage for logic          ; 3                                               ;
;     -- 7 input functions                    ; 0                                               ;
;     -- 6 input functions                    ; 0                                               ;
;     -- 5 input functions                    ; 0                                               ;
;     -- 4 input functions                    ; 0                                               ;
;     -- <=3 input functions                  ; 3                                               ;
;                                             ;                                                 ;
; Dedicated logic registers                   ; 3                                               ;
;                                             ;                                                 ;
; I/O pins                                    ; 5                                               ;
;                                             ;                                                 ;
; Total DSP Blocks                            ; 0                                               ;
;                                             ;                                                 ;
; Maximum fan-out node                        ; RunningLight:EntityRunningLightCase2P|oState[0] ;
; Maximum fan-out                             ; 4                                               ;
; Total fan-out                               ; 25                                              ;
; Average fan-out                             ; 1.56                                            ;
+---------------------------------------------+-------------------------------------------------+


+---------------------------------------------------------------------------------------------------------------------------------------------------------------------------------------------------------------------------------------------------------------------------+
; Analysis & Synthesis Resource Utilization by Entity                                                                                                                                                                                                                       ;
+--------------------------------------------+---------------------+---------------------------+-------------------+------------+------+--------------+----------------------------------------------------------------------+-------------------------------+--------------+
; Compilation Hierarchy Node                 ; Combinational ALUTs ; Dedicated Logic Registers ; Block Memory Bits ; DSP Blocks ; Pins ; Virtual Pins ; Full Hierarchy Name                                                  ; Entity Name                   ; Library Name ;
+--------------------------------------------+---------------------+---------------------------+-------------------+------------+------+--------------+----------------------------------------------------------------------+-------------------------------+--------------+
; |RunningLightCase2POnPCBDe1Soc             ; 3 (0)               ; 3 (0)                     ; 0                 ; 0          ; 5    ; 0            ; |RunningLightCase2POnPCBDe1Soc                                       ; RunningLightCase2POnPCBDe1Soc ; work         ;
;    |RunningLight:EntityRunningLightCase2P| ; 3 (3)               ; 3 (3)                     ; 0                 ; 0          ; 0    ; 0            ; |RunningLightCase2POnPCBDe1Soc|RunningLight:EntityRunningLightCase2P ; RunningLight                  ; work         ;
+--------------------------------------------+---------------------+---------------------------+-------------------+------------+------+--------------+----------------------------------------------------------------------+-------------------------------+--------------+
Note: For table entries with two numbers listed, the numbers in parentheses indicate the number of resources of the given type used by the specific entity alone. The numbers listed outside of parentheses indicate the total resources of the given type used by the specific entity and all of its sub-entities in the hierarchy.


+------------------------------------------------------+
; General Register Statistics                          ;
+----------------------------------------------+-------+
; Statistic                                    ; Value ;
+----------------------------------------------+-------+
; Total registers                              ; 3     ;
; Number of registers using Synchronous Clear  ; 0     ;
; Number of registers using Synchronous Load   ; 0     ;
; Number of registers using Asynchronous Clear ; 3     ;
; Number of registers using Asynchronous Load  ; 0     ;
; Number of registers using Clock Enable       ; 0     ;
; Number of registers using Preset             ; 0     ;
+----------------------------------------------+-------+


+-----------------------------------------------------+
; Post-Synthesis Netlist Statistics for Top Partition ;
+-----------------------+-----------------------------+
; Type                  ; Count                       ;
+-----------------------+-----------------------------+
; arriav_ff             ; 3                           ;
;     CLR               ; 3                           ;
; arriav_lcell_comb     ; 3                           ;
;     normal            ; 3                           ;
;         2 data inputs ; 1                           ;
;         3 data inputs ; 2                           ;
; boundary_port         ; 5                           ;
;                       ;                             ;
; Max LUT depth         ; 1.00                        ;
; Average LUT depth     ; 0.75                        ;
+-----------------------+-----------------------------+


+-------------------------------+
; Elapsed Time Per Partition    ;
+----------------+--------------+
; Partition Name ; Elapsed Time ;
+----------------+--------------+
; Top            ; 00:00:00     ;
+----------------+--------------+


+-------------------------------+
; Analysis & Synthesis Messages ;
+-------------------------------+
Info: *******************************************************************
Info: Running Quartus Prime Analysis & Synthesis
    Info: Version 23.1std.1 Build 993 05/14/2024 SC Lite Edition
    Info: Processing started: Thu Nov 20 17:40:43 2025
Info: Command: quartus_map --read_settings_files=on --write_settings_files=off RunningLightCase2POnPCBDe1Soc -c RunningLightCase2POnPCBDe1Soc
Info (20030): Parallel compilation is enabled and will use 16 of the 20 processors detected
Info (12021): Found 1 design units, including 1 entities, in source file /hsd_sem_3/chd3/uebung07/prj_fsm_lauflicht/uintrunninglight/src/runninglight-e.vhd
    Info (12023): Found entity 1: RunningLight File: C:/HSD_SEM_3/CHD3/Uebung07/prj_FSM_Lauflicht/uintRunningLight/src/RunningLight-e.vhd Line: 20
Info (12021): Found 1 design units, including 0 entities, in source file /hsd_sem_3/chd3/uebung07/prj_fsm_lauflicht/uintrunninglight/src/runninglight_twoprocesswithcase-rtl-a.vhd
    Info (12022): Found design unit 1: RunningLight-TwoProcessWithCase File: C:/HSD_SEM_3/CHD3/Uebung07/prj_FSM_Lauflicht/uintRunningLight/src/RunningLight_TwoProcessWithCase-Rtl-a.vhd Line: 16
Info (12021): Found 1 design units, including 0 entities, in source file /hsd_sem_3/chd3/uebung07/prj_fsm_lauflicht/uintrunninglight/src/runninglight_twoprocesshandmade-rtl-a.vhd
    Info (12022): Found design unit 1: RunningLight-TwoProcessHandmade File: C:/HSD_SEM_3/CHD3/Uebung07/prj_FSM_Lauflicht/uintRunningLight/src/RunningLight_TwoProcessHandmade-Rtl-a.vhd Line: 16
Info (12021): Found 1 design units, including 0 entities, in source file /hsd_sem_3/chd3/uebung07/prj_fsm_lauflicht/uintrunninglight/src/runninglight_oneprocesswithcase-rtl-a.vhd
    Info (12022): Found design unit 1: RunningLight-OneProcessWithCase File: C:/HSD_SEM_3/CHD3/Uebung07/prj_FSM_Lauflicht/uintRunningLight/src/RunningLight_OneProcessWithCase-Rtl-a.vhd Line: 17
Info (12021): Found 1 design units, including 0 entities, in source file /hsd_sem_3/chd3/uebung07/prj_fsm_lauflicht/uintrunninglightcase2ponpcbde1soc/hdl/runninglightcase2ponpcbde1soc-struct-a.vhd
    Info (12022): Found design unit 1: RunningLightCase2POnPCBDe1Soc-Struct File: C:/HSD_SEM_3/CHD3/Uebung07/prj_FSM_Lauflicht/uintRunningLightCase2POnPCBDe1Soc/hdl/RunningLightCase2POnPCBDe1Soc-Struct-a.vhd Line: 11
Info (12021): Found 1 design units, including 1 entities, in source file /hsd_sem_3/chd3/uebung07/prj_fsm_lauflicht/uintrunninglightcase2ponpcbde1soc/hdl/runninglightcase2ponpcbde1soc-e.vhd
    Info (12023): Found entity 1: RunningLightCase2POnPCBDe1Soc File: C:/HSD_SEM_3/CHD3/Uebung07/prj_FSM_Lauflicht/uintRunningLightCase2POnPCBDe1Soc/hdl/RunningLightCase2POnPCBDe1Soc-e.vhd Line: 16
Info (12127): Elaborating entity "RunningLightCase2POnPCBDe1Soc" for the top level hierarchy
Info (12129): Elaborating entity "RunningLight" using architecture "A:twoprocesswithcase" for hierarchy "RunningLight:EntityRunningLightCase2P" File: C:/HSD_SEM_3/CHD3/Uebung07/prj_FSM_Lauflicht/uintRunningLightCase2POnPCBDe1Soc/hdl/RunningLightCase2POnPCBDe1Soc-Struct-a.vhd Line: 16
Info (286030): Timing-Driven Synthesis is running
Info (16010): Generating hard_block partition "hard_block:auto_generated_inst"
    Info (16011): Adding 0 node(s), including 0 DDIO, 0 PLL, 0 transceiver and 0 LCELL
Info (21057): Implemented 8 device resources after synthesis - the final resource count might be different
    Info (21058): Implemented 2 input pins
    Info (21059): Implemented 3 output pins
    Info (21061): Implemented 3 logic cells
Info: Quartus Prime Analysis & Synthesis was successful. 0 errors, 0 warnings
    Info: Peak virtual memory: 4949 megabytes
    Info: Processing ended: Thu Nov 20 17:40:49 2025
    Info: Elapsed time: 00:00:06
    Info: Total CPU time (on all processors): 00:00:13


