Analysis & Synthesis report for ReactionGameStruct
Tue Jan 13 09:38:35 2026
Quartus Prime Version 23.1std.1 Build 993 05/14/2024 SC Lite Edition


---------------------
; Table of Contents ;
---------------------
  1. Legal Notice
  2. Analysis & Synthesis Summary
  3. Analysis & Synthesis Settings
  4. Parallel Compilation
  5. Analysis & Synthesis Source Files Read
  6. Analysis & Synthesis Resource Usage Summary
  7. Analysis & Synthesis Resource Utilization by Entity
  8. State Machine - |ReactionGameStruct|ReactionGameFSM:EntityReactionFSM|State
  9. General Register Statistics
 10. Multiplexer Restructuring Statistics (Restructuring Performed)
 11. Parameter Settings for User Entity Instance: Top-level Entity: |ReactionGameStruct
 12. Parameter Settings for User Entity Instance: StrobeGen:StrobeGen
 13. Parameter Settings for User Entity Instance: Counter:CounterLow
 14. Parameter Settings for User Entity Instance: Counter:CounterMid
 15. Parameter Settings for User Entity Instance: Counter:CounterHigh
 16. Port Connectivity Checks: "Counter:CounterHigh"
 17. Post-Synthesis Netlist Statistics for Top Partition
 18. Elapsed Time Per Partition
 19. Analysis & Synthesis Messages



----------------
; Legal Notice ;
----------------
Copyright (C) 2024  Intel Corporation. All rights reserved.
Your use of Intel Corporation's design tools, logic functions 
and other software and tools, and any partner logic 
functions, and any output files from any of the foregoing 
(including device programming or simulation files), and any 
associated documentation or information are expressly subject 
to the terms and conditions of the Intel Program License 
Subscription Agreement, the Intel Quartus Prime License Agreement,
the Intel FPGA IP License Agreement, or other applicable license
agreement, including, without limitation, that your use is for
the sole purpose of programming logic devices manufactured by
Intel and sold by Intel or its authorized distributors.  Please
refer to the applicable agreement for further details, at
https://fpgasoftware.intel.com/eula.



+----------------------------------------------------------------------------------+
; Analysis & Synthesis Summary                                                     ;
+---------------------------------+------------------------------------------------+
; Analysis & Synthesis Status     ; Successful - Tue Jan 13 09:38:35 2026          ;
; Quartus Prime Version           ; 23.1std.1 Build 993 05/14/2024 SC Lite Edition ;
; Revision Name                   ; ReactionGameStruct                             ;
; Top-level Entity Name           ; ReactionGameStruct                             ;
; Family                          ; Cyclone V                                      ;
; Logic utilization (in ALMs)     ; N/A                                            ;
; Total registers                 ; 35                                             ;
; Total pins                      ; 29                                             ;
; Total virtual pins              ; 0                                              ;
; Total block memory bits         ; 0                                              ;
; Total DSP Blocks                ; 0                                              ;
; Total HSSI RX PCSs              ; 0                                              ;
; Total HSSI PMA RX Deserializers ; 0                                              ;
; Total HSSI TX PCSs              ; 0                                              ;
; Total HSSI PMA TX Serializers   ; 0                                              ;
; Total PLLs                      ; 0                                              ;
; Total DLLs                      ; 0                                              ;
+---------------------------------+------------------------------------------------+


+---------------------------------------------------------------------------------------------------------------------------+
; Analysis & Synthesis Settings                                                                                             ;
+---------------------------------------------------------------------------------+--------------------+--------------------+
; Option                                                                          ; Setting            ; Default Value      ;
+---------------------------------------------------------------------------------+--------------------+--------------------+
; Device                                                                          ; 5CSEMA5F31C6       ;                    ;
; Top-level entity name                                                           ; ReactionGameStruct ; ReactionGameStruct ;
; Family name                                                                     ; Cyclone V          ; Cyclone V          ;
; Maximum processors allowed for parallel compilation                             ; All                ;                    ;
; VHDL Show LMF Mapping Messages                                                  ; Off                ;                    ;
; VHDL Version                                                                    ; VHDL_2008          ; VHDL_1993          ;
; Use smart compilation                                                           ; Off                ; Off                ;
; Enable parallel Assembler and Timing Analyzer during compilation                ; On                 ; On                 ;
; Enable compact report table                                                     ; Off                ; Off                ;
; Restructure Multiplexers                                                        ; Auto               ; Auto               ;
; MLAB Add Timing Constraints For Mixed-Port Feed-Through Mode Setting Don't Care ; Off                ; Off                ;
; Create Debugging Nodes for IP Cores                                             ; Off                ; Off                ;
; Preserve fewer node names                                                       ; On                 ; On                 ;
; Intel FPGA IP Evaluation Mode                                                   ; Enable             ; Enable             ;
; Verilog Version                                                                 ; Verilog_2001       ; Verilog_2001       ;
; State Machine Processing                                                        ; Auto               ; Auto               ;
; Safe State Machine                                                              ; Off                ; Off                ;
; Extract Verilog State Machines                                                  ; On                 ; On                 ;
; Extract VHDL State Machines                                                     ; On                 ; On                 ;
; Ignore Verilog initial constructs                                               ; Off                ; Off                ;
; Iteration limit for constant Verilog loops                                      ; 5000               ; 5000               ;
; Iteration limit for non-constant Verilog loops                                  ; 250                ; 250                ;
; Add Pass-Through Logic to Inferred RAMs                                         ; On                 ; On                 ;
; Infer RAMs from Raw Logic                                                       ; On                 ; On                 ;
; Parallel Synthesis                                                              ; On                 ; On                 ;
; DSP Block Balancing                                                             ; Auto               ; Auto               ;
; NOT Gate Push-Back                                                              ; On                 ; On                 ;
; Power-Up Don't Care                                                             ; On                 ; On                 ;
; Remove Redundant Logic Cells                                                    ; Off                ; Off                ;
; Remove Duplicate Registers                                                      ; On                 ; On                 ;
; Ignore CARRY Buffers                                                            ; Off                ; Off                ;
; Ignore CASCADE Buffers                                                          ; Off                ; Off                ;
; Ignore GLOBAL Buffers                                                           ; Off                ; Off                ;
; Ignore ROW GLOBAL Buffers                                                       ; Off                ; Off                ;
; Ignore LCELL Buffers                                                            ; Off                ; Off                ;
; Ignore SOFT Buffers                                                             ; On                 ; On                 ;
; Limit AHDL Integers to 32 Bits                                                  ; Off                ; Off                ;
; Optimization Technique                                                          ; Balanced           ; Balanced           ;
; Carry Chain Length                                                              ; 70                 ; 70                 ;
; Auto Carry Chains                                                               ; On                 ; On                 ;
; Auto Open-Drain Pins                                                            ; On                 ; On                 ;
; Perform WYSIWYG Primitive Resynthesis                                           ; Off                ; Off                ;
; Auto ROM Replacement                                                            ; On                 ; On                 ;
; Auto RAM Replacement                                                            ; On                 ; On                 ;
; Auto DSP Block Replacement                                                      ; On                 ; On                 ;
; Auto Shift Register Replacement                                                 ; Auto               ; Auto               ;
; Allow Shift Register Merging across Hierarchies                                 ; Auto               ; Auto               ;
; Auto Clock Enable Replacement                                                   ; On                 ; On                 ;
; Strict RAM Replacement                                                          ; Off                ; Off                ;
; Allow Synchronous Control Signals                                               ; On                 ; On                 ;
; Force Use of Synchronous Clear Signals                                          ; Off                ; Off                ;
; Auto Resource Sharing                                                           ; Off                ; Off                ;
; Allow Any RAM Size For Recognition                                              ; Off                ; Off                ;
; Allow Any ROM Size For Recognition                                              ; Off                ; Off                ;
; Allow Any Shift Register Size For Recognition                                   ; Off                ; Off                ;
; Use LogicLock Constraints during Resource Balancing                             ; On                 ; On                 ;
; Ignore translate_off and synthesis_off directives                               ; Off                ; Off                ;
; Timing-Driven Synthesis                                                         ; On                 ; On                 ;
; Report Parameter Settings                                                       ; On                 ; On                 ;
; Report Source Assignments                                                       ; On                 ; On                 ;
; Report Connectivity Checks                                                      ; On                 ; On                 ;
; Ignore Maximum Fan-Out Assignments                                              ; Off                ; Off                ;
; Synchronization Register Chain Length                                           ; 3                  ; 3                  ;
; Power Optimization During Synthesis                                             ; Normal compilation ; Normal compilation ;
; HDL message level                                                               ; Level2             ; Level2             ;
; Suppress Register Optimization Related Messages                                 ; Off                ; Off                ;
; Number of Removed Registers Reported in Synthesis Report                        ; 5000               ; 5000               ;
; Number of Swept Nodes Reported in Synthesis Report                              ; 5000               ; 5000               ;
; Number of Inverted Registers Reported in Synthesis Report                       ; 100                ; 100                ;
; Clock MUX Protection                                                            ; On                 ; On                 ;
; Auto Gated Clock Conversion                                                     ; Off                ; Off                ;
; Block Design Naming                                                             ; Auto               ; Auto               ;
; SDC constraint protection                                                       ; Off                ; Off                ;
; Synthesis Effort                                                                ; Auto               ; Auto               ;
; Shift Register Replacement - Allow Asynchronous Clear Signal                    ; On                 ; On                 ;
; Pre-Mapping Resynthesis Optimization                                            ; Off                ; Off                ;
; Analysis & Synthesis Message Level                                              ; Medium             ; Medium             ;
; Disable Register Merging Across Hierarchies                                     ; Auto               ; Auto               ;
; Resource Aware Inference For Block RAM                                          ; On                 ; On                 ;
; Automatic Parallel Synthesis                                                    ; On                 ; On                 ;
; Partial Reconfiguration Bitstream ID                                            ; Off                ; Off                ;
+---------------------------------------------------------------------------------+--------------------+--------------------+


+------------------------------------------+
; Parallel Compilation                     ;
+----------------------------+-------------+
; Processors                 ; Number      ;
+----------------------------+-------------+
; Number detected on machine ; 20          ;
; Maximum allowed            ; 16          ;
;                            ;             ;
; Average used               ; 1.00        ;
; Maximum used               ; 16          ;
;                            ;             ;
; Usage by Processor         ; % Time Used ;
;     Processor 1            ; 100.0%      ;
;     Processors 2-16        ;   0.0%      ;
+----------------------------+-------------+


+---------------------------------------------------------------------------------------------------------------------------------------------------------------------------------------------------+
; Analysis & Synthesis Source Files Read                                                                                                                                                            ;
+----------------------------------------------------+-----------------+-----------------+------------------------------------------------------------------------------------------------+---------+
; File Name with User-Entered Path                   ; Used in Netlist ; File Type       ; File Name with Absolute Path                                                                   ; Library ;
+----------------------------------------------------+-----------------+-----------------+------------------------------------------------------------------------------------------------+---------+
; ../../grpEdgeDetection/rtl/EdgeDetection-RTL-a.vhd ; yes             ; User VHDL File  ; C:/HSD_SEM_3/CHD3/Uebung10/units/grpEdgeDetection/rtl/EdgeDetection-RTL-a.vhd                  ;         ;
; ../../grpEdgeDetection/rtl/EdgeDetection-e.vhd     ; yes             ; User VHDL File  ; C:/HSD_SEM_3/CHD3/Uebung10/units/grpEdgeDetection/rtl/EdgeDetection-e.vhd                      ;         ;
; ../rtl/ReactionTimeGameStruct-Struct-a.vhd         ; yes             ; User VHDL File  ; C:/HSD_SEM_3/CHD3/Uebung10/units/grpReactionGameStruct/rtl/ReactionTimeGameStruct-Struct-a.vhd ;         ;
; ../rtl/ReactionTimeGameStruct-e.vhd                ; yes             ; User VHDL File  ; C:/HSD_SEM_3/CHD3/Uebung10/units/grpReactionGameStruct/rtl/ReactionTimeGameStruct-e.vhd        ;         ;
; ../../grpStrobesAndClocks/rtl/StrobeGen-RTL-a.vhd  ; yes             ; User VHDL File  ; C:/HSD_SEM_3/CHD3/Uebung10/units/grpStrobesAndClocks/rtl/StrobeGen-RTL-a.vhd                   ;         ;
; ../../grpStrobesAndClocks/rtl/StrobeGen-e.vhd      ; yes             ; User VHDL File  ; C:/HSD_SEM_3/CHD3/Uebung10/units/grpStrobesAndClocks/rtl/StrobeGen-e.vhd                       ;         ;
; ../../grpHexDecoder/rtl/Hex2SevenSegment-Rtl-a.vhd ; yes             ; User VHDL File  ; C:/HSD_SEM_3/CHD3/Uebung10/units/grpHexDecoder/rtl/Hex2SevenSegment-Rtl-a.vhd                  ;         ;
; ../../grpHexDecoder/rtl/Hex2SevenSegment-e.vhd     ; yes             ; User VHDL File  ; C:/HSD_SEM_3/CHD3/Uebung10/units/grpHexDecoder/rtl/Hex2SevenSegment-e.vhd                      ;         ;
; ../../grpFSM/rtl/ReactionTimeGameFSM-RTL-a.vhd     ; yes             ; User VHDL File  ; C:/HSD_SEM_3/CHD3/Uebung10/units/grpFSM/rtl/ReactionTimeGameFSM-RTL-a.vhd                      ;         ;
; ../../grpFSM/rtl/ReactionTimeGameFSM-e.vhd         ; yes             ; User VHDL File  ; C:/HSD_SEM_3/CHD3/Uebung10/units/grpFSM/rtl/ReactionTimeGameFSM-e.vhd                          ;         ;
; ../../grpCounter/rtl/Counter-Rtl-a.vhd             ; yes             ; User VHDL File  ; C:/HSD_SEM_3/CHD3/Uebung10/units/grpCounter/rtl/Counter-Rtl-a.vhd                              ;         ;
; ../../grpCounter/rtl/Counter-e.vhd                 ; yes             ; User VHDL File  ; C:/HSD_SEM_3/CHD3/Uebung10/units/grpCounter/rtl/Counter-e.vhd                                  ;         ;
; ../../grpPackages/pkgGlobal/rtl/Global-p.vhd       ; yes             ; User VHDL File  ; C:/HSD_SEM_3/CHD3/Uebung10/units/grpPackages/pkgGlobal/rtl/Global-p.vhd                        ;         ;
+----------------------------------------------------+-----------------+-----------------+------------------------------------------------------------------------------------------------+---------+


+----------------------------------------------------------+
; Analysis & Synthesis Resource Usage Summary              ;
+---------------------------------------------+------------+
; Resource                                    ; Usage      ;
+---------------------------------------------+------------+
; Estimate of Logic utilization (ALMs needed) ; 34         ;
;                                             ;            ;
; Combinational ALUT usage for logic          ; 64         ;
;     -- 7 input functions                    ; 0          ;
;     -- 6 input functions                    ; 2          ;
;     -- 5 input functions                    ; 10         ;
;     -- 4 input functions                    ; 28         ;
;     -- <=3 input functions                  ; 24         ;
;                                             ;            ;
; Dedicated logic registers                   ; 35         ;
;                                             ;            ;
; I/O pins                                    ; 29         ;
;                                             ;            ;
; Total DSP Blocks                            ; 0          ;
;                                             ;            ;
; Maximum fan-out node                        ; iClk~input ;
; Maximum fan-out                             ; 35         ;
; Total fan-out                               ; 413        ;
; Average fan-out                             ; 2.63       ;
+---------------------------------------------+------------+


+---------------------------------------------------------------------------------------------------------------------------------------------------------------------------------------------------------------------------------------------+
; Analysis & Synthesis Resource Utilization by Entity                                                                                                                                                                                         ;
+----------------------------------------+---------------------+---------------------------+-------------------+------------+------+--------------+-------------------------------------------------------+--------------------+--------------+
; Compilation Hierarchy Node             ; Combinational ALUTs ; Dedicated Logic Registers ; Block Memory Bits ; DSP Blocks ; Pins ; Virtual Pins ; Full Hierarchy Name                                   ; Entity Name        ; Library Name ;
+----------------------------------------+---------------------+---------------------------+-------------------+------------+------+--------------+-------------------------------------------------------+--------------------+--------------+
; |ReactionGameStruct                    ; 64 (0)              ; 35 (0)                    ; 0                 ; 0          ; 29   ; 0            ; |ReactionGameStruct                                   ; ReactionGameStruct ; work         ;
;    |Counter:CounterHigh|               ; 5 (5)               ; 4 (4)                     ; 0                 ; 0          ; 0    ; 0            ; |ReactionGameStruct|Counter:CounterHigh               ; Counter            ; work         ;
;    |Counter:CounterLow|                ; 6 (6)               ; 4 (4)                     ; 0                 ; 0          ; 0    ; 0            ; |ReactionGameStruct|Counter:CounterLow                ; Counter            ; work         ;
;    |Counter:CounterMid|                ; 6 (6)               ; 4 (4)                     ; 0                 ; 0          ; 0    ; 0            ; |ReactionGameStruct|Counter:CounterMid                ; Counter            ; work         ;
;    |EdgeDetection:EdgeDetectionA|      ; 0 (0)               ; 1 (1)                     ; 0                 ; 0          ; 0    ; 0            ; |ReactionGameStruct|EdgeDetection:EdgeDetectionA      ; EdgeDetection      ; work         ;
;    |EdgeDetection:EdgeDetectionB|      ; 0 (0)               ; 1 (1)                     ; 0                 ; 0          ; 0    ; 0            ; |ReactionGameStruct|EdgeDetection:EdgeDetectionB      ; EdgeDetection      ; work         ;
;    |Hex2SevenSegment:HexDecoderHigh|   ; 7 (7)               ; 0 (0)                     ; 0                 ; 0          ; 0    ; 0            ; |ReactionGameStruct|Hex2SevenSegment:HexDecoderHigh   ; Hex2SevenSegment   ; work         ;
;    |Hex2SevenSegment:HexDecoderLow|    ; 7 (7)               ; 0 (0)                     ; 0                 ; 0          ; 0    ; 0            ; |ReactionGameStruct|Hex2SevenSegment:HexDecoderLow    ; Hex2SevenSegment   ; work         ;
;    |Hex2SevenSegment:HexDecoderMid|    ; 7 (7)               ; 0 (0)                     ; 0                 ; 0          ; 0    ; 0            ; |ReactionGameStruct|Hex2SevenSegment:HexDecoderMid    ; Hex2SevenSegment   ; work         ;
;    |ReactionGameFSM:EntityReactionFSM| ; 6 (6)               ; 4 (4)                     ; 0                 ; 0          ; 0    ; 0            ; |ReactionGameStruct|ReactionGameFSM:EntityReactionFSM ; ReactionGameFSM    ; work         ;
;    |StrobeGen:StrobeGen|               ; 20 (20)             ; 17 (17)                   ; 0                 ; 0          ; 0    ; 0            ; |ReactionGameStruct|StrobeGen:StrobeGen               ; StrobeGen          ; work         ;
+----------------------------------------+---------------------+---------------------------+-------------------+------------+------+--------------+-------------------------------------------------------+--------------------+--------------+
Note: For table entries with two numbers listed, the numbers in parentheses indicate the number of resources of the given type used by the specific entity alone. The numbers listed outside of parentheses indicate the total resources of the given type used by the specific entity and all of its sub-entities in the hierarchy.


Encoding Type:  One-Hot
+------------------------------------------------------------------------------------------+
; State Machine - |ReactionGameStruct|ReactionGameFSM:EntityReactionFSM|State              ;
+-------------------+------------------+-------------------+----------------+--------------+
; Name              ; State.ShowResult ; State.CountUpTime ; State.Unlocked ; State.Locked ;
+-------------------+------------------+-------------------+----------------+--------------+
; State.Locked      ; 0                ; 0                 ; 0              ; 0            ;
; State.Unlocked    ; 0                ; 0                 ; 1              ; 1            ;
; State.CountUpTime ; 0                ; 1                 ; 0              ; 1            ;
; State.ShowResult  ; 1                ; 0                 ; 0              ; 1            ;
+-------------------+------------------+-------------------+----------------+--------------+


+------------------------------------------------------+
; General Register Statistics                          ;
+----------------------------------------------+-------+
; Statistic                                    ; Value ;
+----------------------------------------------+-------+
; Total registers                              ; 35    ;
; Number of registers using Synchronous Clear  ; 16    ;
; Number of registers using Synchronous Load   ; 0     ;
; Number of registers using Asynchronous Clear ; 35    ;
; Number of registers using Asynchronous Load  ; 0     ;
; Number of registers using Clock Enable       ; 18    ;
; Number of registers using Preset             ; 0     ;
+----------------------------------------------+-------+


+---------------------------------------------------------------------------------------------------------------------------------------------------------------------------+
; Multiplexer Restructuring Statistics (Restructuring Performed)                                                                                                            ;
+--------------------+-----------+---------------+----------------------+------------------------+------------+-------------------------------------------------------------+
; Multiplexer Inputs ; Bus Width ; Baseline Area ; Area if Restructured ; Saving if Restructured ; Registered ; Example Multiplexer Output                                  ;
+--------------------+-----------+---------------+----------------------+------------------------+------------+-------------------------------------------------------------+
; 4:1                ; 4 bits    ; 8 LEs         ; 8 LEs                ; 0 LEs                  ; Yes        ; |ReactionGameStruct|Counter:CounterLow|oCount[4]            ;
; 4:1                ; 4 bits    ; 8 LEs         ; 8 LEs                ; 0 LEs                  ; Yes        ; |ReactionGameStruct|Counter:CounterMid|oCount[4]            ;
; 4:1                ; 4 bits    ; 8 LEs         ; 8 LEs                ; 0 LEs                  ; Yes        ; |ReactionGameStruct|Counter:CounterHigh|oCount[4]           ;
; 7:1                ; 2 bits    ; 8 LEs         ; 4 LEs                ; 4 LEs                  ; No         ; |ReactionGameStruct|ReactionGameFSM:EntityReactionFSM|State ;
; 7:1                ; 2 bits    ; 8 LEs         ; 4 LEs                ; 4 LEs                  ; No         ; |ReactionGameStruct|ReactionGameFSM:EntityReactionFSM|State ;
+--------------------+-----------+---------------+----------------------+------------------------+------------+-------------------------------------------------------------+


+------------------------------------------------------------------------------------+
; Parameter Settings for User Entity Instance: Top-level Entity: |ReactionGameStruct ;
+-----------------+----------+-------------------------------------------------------+
; Parameter Name  ; Value    ; Type                                                  ;
+-----------------+----------+-------------------------------------------------------+
; gClockFrequency ; 50000000 ; Signed Integer                                        ;
+-----------------+----------+-------------------------------------------------------+
Note: In order to hide this table in the UI and the text report file, please set the "Show Parameter Settings in Synthesis Report" option in "Analysis and Synthesis Settings -> More Settings" to "Off".


+------------------------------------------------------------------+
; Parameter Settings for User Entity Instance: StrobeGen:StrobeGen ;
+------------------+----------+------------------------------------+
; Parameter Name   ; Value    ; Type                               ;
+------------------+----------+------------------------------------+
; gclkfrequency    ; 50000000 ; Signed Integer                     ;
; gstrobefrequency ; 1000     ; Signed Integer                     ;
+------------------+----------+------------------------------------+
Note: In order to hide this table in the UI and the text report file, please set the "Show Parameter Settings in Synthesis Report" option in "Analysis and Synthesis Settings -> More Settings" to "Off".


+-----------------------------------------------------------------+
; Parameter Settings for User Entity Instance: Counter:CounterLow ;
+---------------------+-------+-----------------------------------+
; Parameter Name      ; Value ; Type                              ;
+---------------------+-------+-----------------------------------+
; gcounteroverflowval ; 10    ; Signed Integer                    ;
+---------------------+-------+-----------------------------------+
Note: In order to hide this table in the UI and the text report file, please set the "Show Parameter Settings in Synthesis Report" option in "Analysis and Synthesis Settings -> More Settings" to "Off".


+-----------------------------------------------------------------+
; Parameter Settings for User Entity Instance: Counter:CounterMid ;
+---------------------+-------+-----------------------------------+
; Parameter Name      ; Value ; Type                              ;
+---------------------+-------+-----------------------------------+
; gcounteroverflowval ; 10    ; Signed Integer                    ;
+---------------------+-------+-----------------------------------+
Note: In order to hide this table in the UI and the text report file, please set the "Show Parameter Settings in Synthesis Report" option in "Analysis and Synthesis Settings -> More Settings" to "Off".


+------------------------------------------------------------------+
; Parameter Settings for User Entity Instance: Counter:CounterHigh ;
+---------------------+-------+------------------------------------+
; Parameter Name      ; Value ; Type                               ;
+---------------------+-------+------------------------------------+
; gcounteroverflowval ; 10    ; Signed Integer                     ;
+---------------------+-------+------------------------------------+
Note: In order to hide this table in the UI and the text report file, please set the "Show Parameter Settings in Synthesis Report" option in "Analysis and Synthesis Settings -> More Settings" to "Off".


+---------------------------------------------------------------------------------------------------------------------+
; Port Connectivity Checks: "Counter:CounterHigh"                                                                     ;
+-----------+--------+----------+-------------------------------------------------------------------------------------+
; Port      ; Type   ; Severity ; Details                                                                             ;
+-----------+--------+----------+-------------------------------------------------------------------------------------+
; ooverflow ; Output ; Info     ; Connected to dangling logic. Logic that only feeds a dangling port will be removed. ;
+-----------+--------+----------+-------------------------------------------------------------------------------------+


+-----------------------------------------------------+
; Post-Synthesis Netlist Statistics for Top Partition ;
+-----------------------+-----------------------------+
; Type                  ; Count                       ;
+-----------------------+-----------------------------+
; arriav_ff             ; 35                          ;
;     CLR               ; 1                           ;
;     CLR SCLR          ; 16                          ;
;     ENA CLR           ; 18                          ;
; arriav_lcell_comb     ; 83                          ;
;     arith             ; 16                          ;
;         1 data inputs ; 16                          ;
;     normal            ; 67                          ;
;         1 data inputs ; 21                          ;
;         2 data inputs ; 5                           ;
;         3 data inputs ; 1                           ;
;         4 data inputs ; 28                          ;
;         5 data inputs ; 10                          ;
;         6 data inputs ; 2                           ;
; boundary_port         ; 29                          ;
;                       ;                             ;
; Max LUT depth         ; 2.50                        ;
; Average LUT depth     ; 1.83                        ;
+-----------------------+-----------------------------+


+-------------------------------+
; Elapsed Time Per Partition    ;
+----------------+--------------+
; Partition Name ; Elapsed Time ;
+----------------+--------------+
; Top            ; 00:00:00     ;
+----------------+--------------+


+-------------------------------+
; Analysis & Synthesis Messages ;
+-------------------------------+
Info: *******************************************************************
Info: Running Quartus Prime Analysis & Synthesis
    Info: Version 23.1std.1 Build 993 05/14/2024 SC Lite Edition
    Info: Processing started: Tue Jan 13 09:38:25 2026
Info: Command: quartus_map --read_settings_files=on --write_settings_files=off ReactionGameStruct -c ReactionGameStruct
Info (20030): Parallel compilation is enabled and will use 16 of the 20 processors detected
Info (12021): Found 1 design units, including 0 entities, in source file /hsd_sem_3/chd3/uebung10/units/grpedgedetection/rtl/edgedetection-rtl-a.vhd
    Info (12022): Found design unit 1: EdgeDetection-RTL File: C:/HSD_SEM_3/CHD3/Uebung10/units/grpEdgeDetection/rtl/EdgeDetection-RTL-a.vhd Line: 16
Info (12021): Found 1 design units, including 1 entities, in source file /hsd_sem_3/chd3/uebung10/units/grpedgedetection/rtl/edgedetection-e.vhd
    Info (12023): Found entity 1: EdgeDetection File: C:/HSD_SEM_3/CHD3/Uebung10/units/grpEdgeDetection/rtl/EdgeDetection-e.vhd Line: 20
Info (12021): Found 1 design units, including 0 entities, in source file /hsd_sem_3/chd3/uebung10/units/grpreactiongamestruct/rtl/reactiontimegamestruct-struct-a.vhd
    Info (12022): Found design unit 1: ReactionGameStruct-struct File: C:/HSD_SEM_3/CHD3/Uebung10/units/grpReactionGameStruct/rtl/ReactionTimeGameStruct-Struct-a.vhd Line: 14
Info (12021): Found 1 design units, including 1 entities, in source file /hsd_sem_3/chd3/uebung10/units/grpreactiongamestruct/rtl/reactiontimegamestruct-e.vhd
    Info (12023): Found entity 1: ReactionGameStruct File: C:/HSD_SEM_3/CHD3/Uebung10/units/grpReactionGameStruct/rtl/ReactionTimeGameStruct-e.vhd Line: 20
Info (12021): Found 1 design units, including 0 entities, in source file /hsd_sem_3/chd3/uebung10/units/grpsync/rtl/sync-rtl-a.vhd
    Info (12022): Found design unit 1: Sync-RTL File: C:/HSD_SEM_3/CHD3/Uebung10/units/grpSync/rtl/Sync-RTL-a.vhd Line: 14
Info (12021): Found 1 design units, including 1 entities, in source file /hsd_sem_3/chd3/uebung10/units/grpsync/rtl/sync-e.vhd
    Info (12023): Found entity 1: Sync File: C:/HSD_SEM_3/CHD3/Uebung10/units/grpSync/rtl/Sync-e.vhd Line: 18
Info (12021): Found 1 design units, including 0 entities, in source file /hsd_sem_3/chd3/uebung10/units/grpstrobesandclocks/rtl/strobegen-rtl-a.vhd
    Info (12022): Found design unit 1: StrobeGen-RTL File: C:/HSD_SEM_3/CHD3/Uebung10/units/grpStrobesAndClocks/rtl/StrobeGen-RTL-a.vhd Line: 19
Info (12021): Found 1 design units, including 1 entities, in source file /hsd_sem_3/chd3/uebung10/units/grpstrobesandclocks/rtl/strobegen-e.vhd
    Info (12023): Found entity 1: StrobeGen File: C:/HSD_SEM_3/CHD3/Uebung10/units/grpStrobesAndClocks/rtl/StrobeGen-e.vhd Line: 25
Info (12021): Found 1 design units, including 0 entities, in source file /hsd_sem_3/chd3/uebung10/units/grphexdecoder/rtl/hex2sevensegment-rtl-a.vhd
    Info (12022): Found design unit 1: Hex2SevenSegment-Rtl File: C:/HSD_SEM_3/CHD3/Uebung10/units/grpHexDecoder/rtl/Hex2SevenSegment-Rtl-a.vhd Line: 10
Info (12021): Found 1 design units, including 1 entities, in source file /hsd_sem_3/chd3/uebung10/units/grphexdecoder/rtl/hex2sevensegment-e.vhd
    Info (12023): Found entity 1: Hex2SevenSegment File: C:/HSD_SEM_3/CHD3/Uebung10/units/grpHexDecoder/rtl/Hex2SevenSegment-e.vhd Line: 11
Info (12021): Found 1 design units, including 0 entities, in source file /hsd_sem_3/chd3/uebung10/units/grpfsm/rtl/reactiontimegamefsm-rtl-a.vhd
    Info (12022): Found design unit 1: ReactionGameFSM-RTL File: C:/HSD_SEM_3/CHD3/Uebung10/units/grpFSM/rtl/ReactionTimeGameFSM-RTL-a.vhd Line: 16
Info (12021): Found 1 design units, including 1 entities, in source file /hsd_sem_3/chd3/uebung10/units/grpfsm/rtl/reactiontimegamefsm-e.vhd
    Info (12023): Found entity 1: ReactionGameFSM File: C:/HSD_SEM_3/CHD3/Uebung10/units/grpFSM/rtl/ReactionTimeGameFSM-e.vhd Line: 19
Info (12021): Found 1 design units, including 0 entities, in source file /hsd_sem_3/chd3/uebung10/units/grpcounter/rtl/counter-rtl-a.vhd
    Info (12022): Found design unit 1: Counter-RTL File: C:/HSD_SEM_3/CHD3/Uebung10/units/grpCounter/rtl/Counter-Rtl-a.vhd Line: 16
Info (12021): Found 1 design units, including 1 entities, in source file /hsd_sem_3/chd3/uebung10/units/grpcounter/rtl/counter-e.vhd
    Info (12023): Found entity 1: Counter File: C:/HSD_SEM_3/CHD3/Uebung10/units/grpCounter/rtl/Counter-e.vhd Line: 20
Info (12021): Found 2 design units, including 0 entities, in source file /hsd_sem_3/chd3/uebung10/units/grppackages/pkgglobal/rtl/global-p.vhd
    Info (12022): Found design unit 1: Global File: C:/HSD_SEM_3/CHD3/Uebung10/units/grpPackages/pkgGlobal/rtl/Global-p.vhd Line: 20
    Info (12022): Found design unit 2: Global-body File: C:/HSD_SEM_3/CHD3/Uebung10/units/grpPackages/pkgGlobal/rtl/Global-p.vhd Line: 58
Info (12127): Elaborating entity "ReactionGameStruct" for the top level hierarchy
Warning (10036): Verilog HDL or VHDL warning at ReactionTimeGameStruct-Struct-a.vhd(37): object "CounterHighOverflow" assigned a value but never read File: C:/HSD_SEM_3/CHD3/Uebung10/units/grpReactionGameStruct/rtl/ReactionTimeGameStruct-Struct-a.vhd Line: 37
Info (12129): Elaborating entity "EdgeDetection" using architecture "A:rtl" for hierarchy "EdgeDetection:EdgeDetectionA" File: C:/HSD_SEM_3/CHD3/Uebung10/units/grpReactionGameStruct/rtl/ReactionTimeGameStruct-Struct-a.vhd Line: 45
Info (12129): Elaborating entity "StrobeGen" using architecture "A:rtl" for hierarchy "StrobeGen:StrobeGen" File: C:/HSD_SEM_3/CHD3/Uebung10/units/grpReactionGameStruct/rtl/ReactionTimeGameStruct-Struct-a.vhd Line: 63
Info (12129): Elaborating entity "ReactionGameFSM" using architecture "A:rtl" for hierarchy "ReactionGameFSM:EntityReactionFSM" File: C:/HSD_SEM_3/CHD3/Uebung10/units/grpReactionGameStruct/rtl/ReactionTimeGameStruct-Struct-a.vhd Line: 75
Info (12129): Elaborating entity "Counter" using architecture "A:rtl" for hierarchy "Counter:CounterLow" File: C:/HSD_SEM_3/CHD3/Uebung10/units/grpReactionGameStruct/rtl/ReactionTimeGameStruct-Struct-a.vhd Line: 87
Info (12129): Elaborating entity "Hex2SevenSegment" using architecture "A:rtl" for hierarchy "Hex2SevenSegment:HexDecoderLow" File: C:/HSD_SEM_3/CHD3/Uebung10/units/grpReactionGameStruct/rtl/ReactionTimeGameStruct-Struct-a.vhd Line: 117
Info (286030): Timing-Driven Synthesis is running
Info (16010): Generating hard_block partition "hard_block:auto_generated_inst"
    Info (16011): Adding 0 node(s), including 0 DDIO, 0 PLL, 0 transceiver and 0 LCELL
Info (21057): Implemented 98 device resources after synthesis - the final resource count might be different
    Info (21058): Implemented 4 input pins
    Info (21059): Implemented 25 output pins
    Info (21061): Implemented 69 logic cells
Info: Quartus Prime Analysis & Synthesis was successful. 0 errors, 1 warning
    Info: Peak virtual memory: 4957 megabytes
    Info: Processing ended: Tue Jan 13 09:38:35 2026
    Info: Elapsed time: 00:00:10
    Info: Total CPU time (on all processors): 00:00:23


